# JRE version: Java(TM) SE Runtime Environment (7.0_45-b18) (build 1.7.0_45-b18)
# Java VM: Java HotSpot(TM) Client VM (24.45-b08 mixed mode, sharing windows-x86 )
Heap
 def new generation   total 4928K, used 3925K [0x24330000, 0x24880000, 0x29880000)
  eden space 4416K,  88% used [0x24330000, 0x24704ab0, 0x24780000)
  from space 512K,   0% used [0x24780000, 0x24780ae8, 0x24800000)
  to   space 512K,   0% used [0x24800000, 0x24800000, 0x24880000)
 tenured generation   total 10944K, used 3761K [0x29880000, 0x2a330000, 0x34330000)
   the space 10944K,  34% used [0x29880000, 0x29c2c710, 0x29c2c800, 0x2a330000)
 compacting perm gen  total 12288K, used 2694K [0x34330000, 0x34f30000, 0x38330000)
   the space 12288K,  21% used [0x34330000, 0x345d1800, 0x345d1800, 0x34f30000)
    ro space 10240K,  44% used [0x38330000, 0x387a7808, 0x387a7a00, 0x38d30000)
    rw space 12288K,  52% used [0x38d30000, 0x3937e610, 0x3937e800, 0x39930000)
GC Heap History (10 events):
Event: 332.737 GC heap before
{Heap before GC invocations=343 (full 0):
 def new generation   total 4928K, used 4227K [0x24330000, 0x24880000, 0x29880000)
  eden space 4416K,  95% used [0x24330000, 0x247502c0, 0x24780000)
  from space 512K,   0% used [0x24800000, 0x24800a90, 0x24880000)
  to   space 512K,   0% used [0x24780000, 0x24780000, 0x24800000)
 tenured generation   total 10944K, used 3761K [0x29880000, 0x2a330000, 0x34330000)
   the space 10944K,  34% used [0x29880000, 0x29c2c710, 0x29c2c800, 0x2a330000)
 compacting perm gen  total 12288K, used 2694K [0x34330000, 0x34f30000, 0x38330000)
   the space 12288K,  21% used [0x34330000, 0x345d1800, 0x345d1800, 0x34f30000)
    ro space 10240K,  44% used [0x38330000, 0x387a7808, 0x387a7a00, 0x38d30000)
    rw space 12288K,  52% used [0x38d30000, 0x3937e610, 0x3937e800, 0x39930000)
Event: 332.738 GC heap after
Heap after GC invocations=344 (full 0):
 def new generation   total 4928K, used 2K [0x24330000, 0x24880000, 0x29880000)
  eden space 4416K,   0% used [0x24330000, 0x24330000, 0x24780000)
  from space 512K,   0% used [0x24780000, 0x24780a90, 0x24800000)
  to   space 512K,   0% used [0x24800000, 0x24800000, 0x24880000)
 tenured generation   total 10944K, used 3761K [0x29880000, 0x2a330000, 0x34330000)
   the space 10944K,  34% used [0x29880000, 0x29c2c710, 0x29c2c800, 0x2a330000)
 compacting perm gen  total 12288K, used 2694K [0x34330000, 0x34f30000, 0x38330000)
   the space 12288K,  21% used [0x34330000, 0x345d1800, 0x345d1800, 0x34f30000)
    ro space 10240K,  44% used [0x38330000, 0x387a7808, 0x387a7a00, 0x38d30000)
    rw space 12288K,  52% used [0x38d30000, 0x3937e610, 0x3937e800, 0x39930000)
}
Event: 333.681 GC heap before
{Heap before GC invocations=344 (full 0):
 def new generation   total 4928K, used 4227K [0x24330000, 0x24880000, 0x29880000)
  eden space 4416K,  95% used [0x24330000, 0x247502c0, 0x24780000)
  from space 512K,   0% used [0x24780000, 0x24780a90, 0x24800000)
  to   space 512K,   0% used [0x24800000, 0x24800000, 0x24880000)
 tenured generation   total 10944K, used 3761K [0x29880000, 0x2a330000, 0x34330000)
   the space 10944K,  34% used [0x29880000, 0x29c2c710, 0x29c2c800, 0x2a330000)
 compacting perm gen  total 12288K, used 2694K [0x34330000, 0x34f30000, 0x38330000)
   the space 12288K,  21% used [0x34330000, 0x345d1800, 0x345d1800, 0x34f30000)
    ro space 10240K,  44% used [0x38330000, 0x387a7808, 0x387a7a00, 0x38d30000)
    rw space 12288K,  52% used [0x38d30000, 0x3937e610, 0x3937e800, 0x39930000)
Event: 333.682 GC heap after
Heap after GC invocations=345 (full 0):
 def new generation   total 4928K, used 2K [0x24330000, 0x24880000, 0x29880000)
  eden space 4416K,   0% used [0x24330000, 0x24330000, 0x24780000)
  from space 512K,   0% used [0x24800000, 0x24800a90, 0x24880000)
  to   space 512K,   0% used [0x24780000, 0x24780000, 0x24800000)
 tenured generation   total 10944K, used 3761K [0x29880000, 0x2a330000, 0x34330000)
   the space 10944K,  34% used [0x29880000, 0x29c2c710, 0x29c2c800, 0x2a330000)
 compacting perm gen  total 12288K, used 2694K [0x34330000, 0x34f30000, 0x38330000)
   the space 12288K,  21% used [0x34330000, 0x345d1800, 0x345d1800, 0x34f30000)
    ro space 10240K,  44% used [0x38330000, 0x387a7808, 0x387a7a00, 0x38d30000)
    rw space 12288K,  52% used [0x38d30000, 0x3937e610, 0x3937e800, 0x39930000)
}
Event: 334.609 GC heap before
{Heap before GC invocations=345 (full 0):
 def new generation   total 4928K, used 4229K [0x24330000, 0x24880000, 0x29880000)
  eden space 4416K,  95% used [0x24330000, 0x24750ad0, 0x24780000)
  from space 512K,   0% used [0x24800000, 0x24800a90, 0x24880000)
  to   space 512K,   0% used [0x24780000, 0x24780000, 0x24800000)
 tenured generation   total 10944K, used 3761K [0x29880000, 0x2a330000, 0x34330000)
   the space 10944K,  34% used [0x29880000, 0x29c2c710, 0x29c2c800, 0x2a330000)
 compacting perm gen  total 12288K, used 2694K [0x34330000, 0x34f30000, 0x38330000)
   the space 12288K,  21% used [0x34330000, 0x345d1800, 0x345d1800, 0x34f30000)
    ro space 10240K,  44% used [0x38330000, 0x387a7808, 0x387a7a00, 0x38d30000)
    rw space 12288K,  52% used [0x38d30000, 0x3937e610, 0x3937e800, 0x39930000)
Event: 334.610 GC heap after
Heap after GC invocations=346 (full 0):
 def new generation   total 4928K, used 2K [0x24330000, 0x24880000, 0x29880000)
  eden space 4416K,   0% used [0x24330000, 0x24330000, 0x24780000)
  from space 512K,   0% used [0x24780000, 0x24780a90, 0x24800000)
  to   space 512K,   0% used [0x24800000, 0x24800000, 0x24880000)
 tenured generation   total 10944K, used 3761K [0x29880000, 0x2a330000, 0x34330000)
   the space 10944K,  34% used [0x29880000, 0x29c2c710, 0x29c2c800, 0x2a330000)
 compacting perm gen  total 12288K, used 2694K [0x34330000, 0x34f30000, 0x38330000)
   the space 12288K,  21% used [0x34330000, 0x345d1800, 0x345d1800, 0x34f30000)
    ro space 10240K,  44% used [0x38330000, 0x387a7808, 0x387a7a00, 0x38d30000)
    rw space 12288K,  52% used [0x38d30000, 0x3937e610, 0x3937e800, 0x39930000)
}
Event: 335.538 GC heap before
{Heap before GC invocations=346 (full 0):
 def new generation   total 4928K, used 4229K [0x24330000, 0x24880000, 0x29880000)
  eden space 4416K,  95% used [0x24330000, 0x24750ad0, 0x24780000)
  from space 512K,   0% used [0x24780000, 0x24780a90, 0x24800000)
  to   space 512K,   0% used [0x24800000, 0x24800000, 0x24880000)
 tenured generation   total 10944K, used 3761K [0x29880000, 0x2a330000, 0x34330000)
   the space 10944K,  34% used [0x29880000, 0x29c2c710, 0x29c2c800, 0x2a330000)
 compacting perm gen  total 12288K, used 2694K [0x34330000, 0x34f30000, 0x38330000)
   the space 12288K,  21% used [0x34330000, 0x345d1800, 0x345d1800, 0x34f30000)
    ro space 10240K,  44% used [0x38330000, 0x387a7808, 0x387a7a00, 0x38d30000)
    rw space 12288K,  52% used [0x38d30000, 0x3937e610, 0x3937e800, 0x39930000)
Event: 335.539 GC heap after
Heap after GC invocations=347 (full 0):
 def new generation   total 4928K, used 2K [0x24330000, 0x24880000, 0x29880000)
  eden space 4416K,   0% used [0x24330000, 0x24330000, 0x24780000)
  from space 512K,   0% used [0x24800000, 0x24800a90, 0x24880000)
  to   space 512K,   0% used [0x24780000, 0x24780000, 0x24800000)
 tenured generation   total 10944K, used 3761K [0x29880000, 0x2a330000, 0x34330000)
   the space 10944K,  34% used [0x29880000, 0x29c2c710, 0x29c2c800, 0x2a330000)
 compacting perm gen  total 12288K, used 2694K [0x34330000, 0x34f30000, 0x38330000)
   the space 12288K,  21% used [0x34330000, 0x345d1800, 0x345d1800, 0x34f30000)
    ro space 10240K,  44% used [0x38330000, 0x387a7808, 0x387a7a00, 0x38d30000)
    rw space 12288K,  52% used [0x38d30000, 0x3937e610, 0x3937e800, 0x39930000)
}
Event: 336.481 GC heap before
{Heap before GC invocations=347 (full 0):
 def new generation   total 4928K, used 4231K [0x24330000, 0x24880000, 0x29880000)
  eden space 4416K,  95% used [0x24330000, 0x24751320, 0x24780000)
  from space 512K,   0% used [0x24800000, 0x24800a90, 0x24880000)
  to   space 512K,   0% used [0x24780000, 0x24780000, 0x24800000)
 tenured generation   total 10944K, used 3761K [0x29880000, 0x2a330000, 0x34330000)
   the space 10944K,  34% used [0x29880000, 0x29c2c710, 0x29c2c800, 0x2a330000)
 compacting perm gen  total 12288K, used 2694K [0x34330000, 0x34f30000, 0x38330000)
   the space 12288K,  21% used [0x34330000, 0x345d1800, 0x345d1800, 0x34f30000)
    ro space 10240K,  44% used [0x38330000, 0x387a7808, 0x387a7a00, 0x38d30000)
    rw space 12288K,  52% used [0x38d30000, 0x3937e610, 0x3937e800, 0x39930000)
Event: 336.482 GC heap after
Heap after GC invocations=348 (full 0):
 def new generation   total 4928K, used 2K [0x24330000, 0x24880000, 0x29880000)
  eden space 4416K,   0% used [0x24330000, 0x24330000, 0x24780000)
  from space 512K,   0% used [0x24780000, 0x24780ae8, 0x24800000)
  to   space 512K,   0% used [0x24800000, 0x24800000, 0x24880000)
 tenured generation   total 10944K, used 3761K [0x29880000, 0x2a330000, 0x34330000)
   the space 10944K,  34% used [0x29880000, 0x29c2c710, 0x29c2c800, 0x2a330000)
 compacting perm gen  total 12288K, used 2694K [0x34330000, 0x34f30000, 0x38330000)
   the space 12288K,  21% used [0x34330000, 0x345d1800, 0x345d1800, 0x34f30000)
    ro space 10240K,  44% used [0x38330000, 0x387a7808, 0x387a7a00, 0x38d30000)
    rw space 12288K,  52% used [0x38d30000, 0x3937e610, 0x3937e800, 0x39930000)
}

