# JRE version: Java(TM) SE Runtime Environment (7.0_45-b18) (build 1.7.0_45-b18)
# Java VM: Java HotSpot(TM) Client VM (24.45-b08 mixed mode, sharing windows-x86 )
Heap
 def new generation   total 4928K, used 2416K [0x24330000, 0x24880000, 0x29880000)
  eden space 4416K,  54% used [0x24330000, 0x2458b938, 0x24780000)
  from space 512K,   0% used [0x24780000, 0x24780a90, 0x24800000)
  to   space 512K,   0% used [0x24800000, 0x24800000, 0x24880000)
 tenured generation   total 10944K, used 3639K [0x29880000, 0x2a330000, 0x34330000)
   the space 10944K,  33% used [0x29880000, 0x29c0de38, 0x29c0e000, 0x2a330000)
 compacting perm gen  total 12288K, used 2690K [0x34330000, 0x34f30000, 0x38330000)
   the space 12288K,  21% used [0x34330000, 0x345d08b0, 0x345d0a00, 0x34f30000)
    ro space 10240K,  44% used [0x38330000, 0x387a7808, 0x387a7a00, 0x38d30000)
    rw space 12288K,  52% used [0x38d30000, 0x3937e610, 0x3937e800, 0x39930000)
GC Heap History (10 events):
Event: 498.691 GC heap before
{Heap before GC invocations=341 (full 0):
 def new generation   total 4928K, used 4227K [0x24330000, 0x24880000, 0x29880000)
  eden space 4416K,  95% used [0x24330000, 0x247502c0, 0x24780000)
  from space 512K,   0% used [0x24800000, 0x24800a90, 0x24880000)
  to   space 512K,   0% used [0x24780000, 0x24780000, 0x24800000)
 tenured generation   total 10944K, used 3639K [0x29880000, 0x2a330000, 0x34330000)
   the space 10944K,  33% used [0x29880000, 0x29c0de38, 0x29c0e000, 0x2a330000)
 compacting perm gen  total 12288K, used 2690K [0x34330000, 0x34f30000, 0x38330000)
   the space 12288K,  21% used [0x34330000, 0x345d08b0, 0x345d0a00, 0x34f30000)
    ro space 10240K,  44% used [0x38330000, 0x387a7808, 0x387a7a00, 0x38d30000)
    rw space 12288K,  52% used [0x38d30000, 0x3937e610, 0x3937e800, 0x39930000)
Event: 498.691 GC heap after
Heap after GC invocations=342 (full 0):
 def new generation   total 4928K, used 2K [0x24330000, 0x24880000, 0x29880000)
  eden space 4416K,   0% used [0x24330000, 0x24330000, 0x24780000)
  from space 512K,   0% used [0x24780000, 0x24780a90, 0x24800000)
  to   space 512K,   0% used [0x24800000, 0x24800000, 0x24880000)
 tenured generation   total 10944K, used 3639K [0x29880000, 0x2a330000, 0x34330000)
   the space 10944K,  33% used [0x29880000, 0x29c0de38, 0x29c0e000, 0x2a330000)
 compacting perm gen  total 12288K, used 2690K [0x34330000, 0x34f30000, 0x38330000)
   the space 12288K,  21% used [0x34330000, 0x345d08b0, 0x345d0a00, 0x34f30000)
    ro space 10240K,  44% used [0x38330000, 0x387a7808, 0x387a7a00, 0x38d30000)
    rw space 12288K,  52% used [0x38d30000, 0x3937e610, 0x3937e800, 0x39930000)
}
Event: 499.619 GC heap before
{Heap before GC invocations=342 (full 0):
 def new generation   total 4928K, used 4227K [0x24330000, 0x24880000, 0x29880000)
  eden space 4416K,  95% used [0x24330000, 0x247502c0, 0x24780000)
  from space 512K,   0% used [0x24780000, 0x24780a90, 0x24800000)
  to   space 512K,   0% used [0x24800000, 0x24800000, 0x24880000)
 tenured generation   total 10944K, used 3639K [0x29880000, 0x2a330000, 0x34330000)
   the space 10944K,  33% used [0x29880000, 0x29c0de38, 0x29c0e000, 0x2a330000)
 compacting perm gen  total 12288K, used 2690K [0x34330000, 0x34f30000, 0x38330000)
   the space 12288K,  21% used [0x34330000, 0x345d08b0, 0x345d0a00, 0x34f30000)
    ro space 10240K,  44% used [0x38330000, 0x387a7808, 0x387a7a00, 0x38d30000)
    rw space 12288K,  52% used [0x38d30000, 0x3937e610, 0x3937e800, 0x39930000)
Event: 499.619 GC heap after
Heap after GC invocations=343 (full 0):
 def new generation   total 4928K, used 2K [0x24330000, 0x24880000, 0x29880000)
  eden space 4416K,   0% used [0x24330000, 0x24330000, 0x24780000)
  from space 512K,   0% used [0x24800000, 0x24800a90, 0x24880000)
  to   space 512K,   0% used [0x24780000, 0x24780000, 0x24800000)
 tenured generation   total 10944K, used 3639K [0x29880000, 0x2a330000, 0x34330000)
   the space 10944K,  33% used [0x29880000, 0x29c0de38, 0x29c0e000, 0x2a330000)
 compacting perm gen  total 12288K, used 2690K [0x34330000, 0x34f30000, 0x38330000)
   the space 12288K,  21% used [0x34330000, 0x345d08b0, 0x345d0a00, 0x34f30000)
    ro space 10240K,  44% used [0x38330000, 0x387a7808, 0x387a7a00, 0x38d30000)
    rw space 12288K,  52% used [0x38d30000, 0x3937e610, 0x3937e800, 0x39930000)
}
Event: 500.547 GC heap before
{Heap before GC invocations=343 (full 0):
 def new generation   total 4928K, used 4227K [0x24330000, 0x24880000, 0x29880000)
  eden space 4416K,  95% used [0x24330000, 0x247502c0, 0x24780000)
  from space 512K,   0% used [0x24800000, 0x24800a90, 0x24880000)
  to   space 512K,   0% used [0x24780000, 0x24780000, 0x24800000)
 tenured generation   total 10944K, used 3639K [0x29880000, 0x2a330000, 0x34330000)
   the space 10944K,  33% used [0x29880000, 0x29c0de38, 0x29c0e000, 0x2a330000)
 compacting perm gen  total 12288K, used 2690K [0x34330000, 0x34f30000, 0x38330000)
   the space 12288K,  21% used [0x34330000, 0x345d08b0, 0x345d0a00, 0x34f30000)
    ro space 10240K,  44% used [0x38330000, 0x387a7808, 0x387a7a00, 0x38d30000)
    rw space 12288K,  52% used [0x38d30000, 0x3937e610, 0x3937e800, 0x39930000)
Event: 500.547 GC heap after
Heap after GC invocations=344 (full 0):
 def new generation   total 4928K, used 2K [0x24330000, 0x24880000, 0x29880000)
  eden space 4416K,   0% used [0x24330000, 0x24330000, 0x24780000)
  from space 512K,   0% used [0x24780000, 0x24780a90, 0x24800000)
  to   space 512K,   0% used [0x24800000, 0x24800000, 0x24880000)
 tenured generation   total 10944K, used 3639K [0x29880000, 0x2a330000, 0x34330000)
   the space 10944K,  33% used [0x29880000, 0x29c0de38, 0x29c0e000, 0x2a330000)
 compacting perm gen  total 12288K, used 2690K [0x34330000, 0x34f30000, 0x38330000)
   the space 12288K,  21% used [0x34330000, 0x345d08b0, 0x345d0a00, 0x34f30000)
    ro space 10240K,  44% used [0x38330000, 0x387a7808, 0x387a7a00, 0x38d30000)
    rw space 12288K,  52% used [0x38d30000, 0x3937e610, 0x3937e800, 0x39930000)
}
Event: 501.490 GC heap before
{Heap before GC invocations=344 (full 0):
 def new generation   total 4928K, used 4227K [0x24330000, 0x24880000, 0x29880000)
  eden space 4416K,  95% used [0x24330000, 0x247502c0, 0x24780000)
  from space 512K,   0% used [0x24780000, 0x24780a90, 0x24800000)
  to   space 512K,   0% used [0x24800000, 0x24800000, 0x24880000)
 tenured generation   total 10944K, used 3639K [0x29880000, 0x2a330000, 0x34330000)
   the space 10944K,  33% used [0x29880000, 0x29c0de38, 0x29c0e000, 0x2a330000)
 compacting perm gen  total 12288K, used 2690K [0x34330000, 0x34f30000, 0x38330000)
   the space 12288K,  21% used [0x34330000, 0x345d08b0, 0x345d0a00, 0x34f30000)
    ro space 10240K,  44% used [0x38330000, 0x387a7808, 0x387a7a00, 0x38d30000)
    rw space 12288K,  52% used [0x38d30000, 0x3937e610, 0x3937e800, 0x39930000)
Event: 501.490 GC heap after
Heap after GC invocations=345 (full 0):
 def new generation   total 4928K, used 2K [0x24330000, 0x24880000, 0x29880000)
  eden space 4416K,   0% used [0x24330000, 0x24330000, 0x24780000)
  from space 512K,   0% used [0x24800000, 0x24800a90, 0x24880000)
  to   space 512K,   0% used [0x24780000, 0x24780000, 0x24800000)
 tenured generation   total 10944K, used 3639K [0x29880000, 0x2a330000, 0x34330000)
   the space 10944K,  33% used [0x29880000, 0x29c0de38, 0x29c0e000, 0x2a330000)
 compacting perm gen  total 12288K, used 2690K [0x34330000, 0x34f30000, 0x38330000)
   the space 12288K,  21% used [0x34330000, 0x345d08b0, 0x345d0a00, 0x34f30000)
    ro space 10240K,  44% used [0x38330000, 0x387a7808, 0x387a7a00, 0x38d30000)
    rw space 12288K,  52% used [0x38d30000, 0x3937e610, 0x3937e800, 0x39930000)
}
Event: 502.419 GC heap before
{Heap before GC invocations=345 (full 0):
 def new generation   total 4928K, used 4227K [0x24330000, 0x24880000, 0x29880000)
  eden space 4416K,  95% used [0x24330000, 0x247502c0, 0x24780000)
  from space 512K,   0% used [0x24800000, 0x24800a90, 0x24880000)
  to   space 512K,   0% used [0x24780000, 0x24780000, 0x24800000)
 tenured generation   total 10944K, used 3639K [0x29880000, 0x2a330000, 0x34330000)
   the space 10944K,  33% used [0x29880000, 0x29c0de38, 0x29c0e000, 0x2a330000)
 compacting perm gen  total 12288K, used 2690K [0x34330000, 0x34f30000, 0x38330000)
   the space 12288K,  21% used [0x34330000, 0x345d08b0, 0x345d0a00, 0x34f30000)
    ro space 10240K,  44% used [0x38330000, 0x387a7808, 0x387a7a00, 0x38d30000)
    rw space 12288K,  52% used [0x38d30000, 0x3937e610, 0x3937e800, 0x39930000)
Event: 502.419 GC heap after
Heap after GC invocations=346 (full 0):
 def new generation   total 4928K, used 2K [0x24330000, 0x24880000, 0x29880000)
  eden space 4416K,   0% used [0x24330000, 0x24330000, 0x24780000)
  from space 512K,   0% used [0x24780000, 0x24780a90, 0x24800000)
  to   space 512K,   0% used [0x24800000, 0x24800000, 0x24880000)
 tenured generation   total 10944K, used 3639K [0x29880000, 0x2a330000, 0x34330000)
   the space 10944K,  33% used [0x29880000, 0x29c0de38, 0x29c0e000, 0x2a330000)
 compacting perm gen  total 12288K, used 2690K [0x34330000, 0x34f30000, 0x38330000)
   the space 12288K,  21% used [0x34330000, 0x345d08b0, 0x345d0a00, 0x34f30000)
    ro space 10240K,  44% used [0x38330000, 0x387a7808, 0x387a7a00, 0x38d30000)
    rw space 12288K,  52% used [0x38d30000, 0x3937e610, 0x3937e800, 0x39930000)
}

