# JRE version: Java(TM) SE Runtime Environment (7.0_45-b18) (build 1.7.0_45-b18)
# Java VM: Java HotSpot(TM) Client VM (24.45-b08 mixed mode, sharing windows-x86 )
Heap
 def new generation   total 8896K, used 6039K [0x14330000, 0x14cd0000, 0x1edd0000)
  eden space 7936K,  76% used [0x14330000, 0x14914af8, 0x14af0000)
  from space 960K,   0% used [0x14af0000, 0x14af12c8, 0x14be0000)
  to   space 960K,   0% used [0x14be0000, 0x14be0000, 0x14cd0000)
 tenured generation   total 19580K, used 12563K [0x1edd0000, 0x200ef000, 0x34330000)
   the space 19580K,  64% used [0x1edd0000, 0x1fa14e50, 0x1fa15000, 0x200ef000)
 compacting perm gen  total 12288K, used 2190K [0x34330000, 0x34f30000, 0x38330000)
   the space 12288K,  17% used [0x34330000, 0x34553868, 0x34553a00, 0x34f30000)
    ro space 10240K,  44% used [0x38330000, 0x387a7808, 0x387a7a00, 0x38d30000)
    rw space 12288K,  52% used [0x38d30000, 0x3937e610, 0x3937e800, 0x39930000)
GC Heap History (10 events):
Event: 274.589 GC heap before
{Heap before GC invocations=150 (full 1):
 def new generation   total 8896K, used 7849K [0x14330000, 0x14cd0000, 0x1edd0000)
  eden space 7936K,  98% used [0x14330000, 0x14ad9488, 0x14af0000)
  from space 960K,   0% used [0x14be0000, 0x14be12c8, 0x14cd0000)
  to   space 960K,   0% used [0x14af0000, 0x14af0000, 0x14be0000)
 tenured generation   total 19580K, used 12563K [0x1edd0000, 0x200ef000, 0x34330000)
   the space 19580K,  64% used [0x1edd0000, 0x1fa14e50, 0x1fa15000, 0x200ef000)
 compacting perm gen  total 12288K, used 2190K [0x34330000, 0x34f30000, 0x38330000)
   the space 12288K,  17% used [0x34330000, 0x34553868, 0x34553a00, 0x34f30000)
    ro space 10240K,  44% used [0x38330000, 0x387a7808, 0x387a7a00, 0x38d30000)
    rw space 12288K,  52% used [0x38d30000, 0x3937e610, 0x3937e800, 0x39930000)
Event: 274.589 GC heap after
Heap after GC invocations=151 (full 1):
 def new generation   total 8896K, used 4K [0x14330000, 0x14cd0000, 0x1edd0000)
  eden space 7936K,   0% used [0x14330000, 0x14330000, 0x14af0000)
  from space 960K,   0% used [0x14af0000, 0x14af12c8, 0x14be0000)
  to   space 960K,   0% used [0x14be0000, 0x14be0000, 0x14cd0000)
 tenured generation   total 19580K, used 12563K [0x1edd0000, 0x200ef000, 0x34330000)
   the space 19580K,  64% used [0x1edd0000, 0x1fa14e50, 0x1fa15000, 0x200ef000)
 compacting perm gen  total 12288K, used 2190K [0x34330000, 0x34f30000, 0x38330000)
   the space 12288K,  17% used [0x34330000, 0x34553868, 0x34553a00, 0x34f30000)
    ro space 10240K,  44% used [0x38330000, 0x387a7808, 0x387a7a00, 0x38d30000)
    rw space 12288K,  52% used [0x38d30000, 0x3937e610, 0x3937e800, 0x39930000)
}
Event: 276.317 GC heap before
{Heap before GC invocations=151 (full 1):
 def new generation   total 8896K, used 7849K [0x14330000, 0x14cd0000, 0x1edd0000)
  eden space 7936K,  98% used [0x14330000, 0x14ad9488, 0x14af0000)
  from space 960K,   0% used [0x14af0000, 0x14af12c8, 0x14be0000)
  to   space 960K,   0% used [0x14be0000, 0x14be0000, 0x14cd0000)
 tenured generation   total 19580K, used 12563K [0x1edd0000, 0x200ef000, 0x34330000)
   the space 19580K,  64% used [0x1edd0000, 0x1fa14e50, 0x1fa15000, 0x200ef000)
 compacting perm gen  total 12288K, used 2190K [0x34330000, 0x34f30000, 0x38330000)
   the space 12288K,  17% used [0x34330000, 0x34553868, 0x34553a00, 0x34f30000)
    ro space 10240K,  44% used [0x38330000, 0x387a7808, 0x387a7a00, 0x38d30000)
    rw space 12288K,  52% used [0x38d30000, 0x3937e610, 0x3937e800, 0x39930000)
Event: 276.317 GC heap after
Heap after GC invocations=152 (full 1):
 def new generation   total 8896K, used 4K [0x14330000, 0x14cd0000, 0x1edd0000)
  eden space 7936K,   0% used [0x14330000, 0x14330000, 0x14af0000)
  from space 960K,   0% used [0x14be0000, 0x14be12c8, 0x14cd0000)
  to   space 960K,   0% used [0x14af0000, 0x14af0000, 0x14be0000)
 tenured generation   total 19580K, used 12563K [0x1edd0000, 0x200ef000, 0x34330000)
   the space 19580K,  64% used [0x1edd0000, 0x1fa14e50, 0x1fa15000, 0x200ef000)
 compacting perm gen  total 12288K, used 2190K [0x34330000, 0x34f30000, 0x38330000)
   the space 12288K,  17% used [0x34330000, 0x34553868, 0x34553a00, 0x34f30000)
    ro space 10240K,  44% used [0x38330000, 0x387a7808, 0x387a7a00, 0x38d30000)
    rw space 12288K,  52% used [0x38d30000, 0x3937e610, 0x3937e800, 0x39930000)
}
Event: 278.049 GC heap before
{Heap before GC invocations=152 (full 1):
 def new generation   total 8896K, used 7849K [0x14330000, 0x14cd0000, 0x1edd0000)
  eden space 7936K,  98% used [0x14330000, 0x14ad9488, 0x14af0000)
  from space 960K,   0% used [0x14be0000, 0x14be12c8, 0x14cd0000)
  to   space 960K,   0% used [0x14af0000, 0x14af0000, 0x14be0000)
 tenured generation   total 19580K, used 12563K [0x1edd0000, 0x200ef000, 0x34330000)
   the space 19580K,  64% used [0x1edd0000, 0x1fa14e50, 0x1fa15000, 0x200ef000)
 compacting perm gen  total 12288K, used 2190K [0x34330000, 0x34f30000, 0x38330000)
   the space 12288K,  17% used [0x34330000, 0x34553868, 0x34553a00, 0x34f30000)
    ro space 10240K,  44% used [0x38330000, 0x387a7808, 0x387a7a00, 0x38d30000)
    rw space 12288K,  52% used [0x38d30000, 0x3937e610, 0x3937e800, 0x39930000)
Event: 278.049 GC heap after
Heap after GC invocations=153 (full 1):
 def new generation   total 8896K, used 4K [0x14330000, 0x14cd0000, 0x1edd0000)
  eden space 7936K,   0% used [0x14330000, 0x14330000, 0x14af0000)
  from space 960K,   0% used [0x14af0000, 0x14af12c8, 0x14be0000)
  to   space 960K,   0% used [0x14be0000, 0x14be0000, 0x14cd0000)
 tenured generation   total 19580K, used 12563K [0x1edd0000, 0x200ef000, 0x34330000)
   the space 19580K,  64% used [0x1edd0000, 0x1fa14e50, 0x1fa15000, 0x200ef000)
 compacting perm gen  total 12288K, used 2190K [0x34330000, 0x34f30000, 0x38330000)
   the space 12288K,  17% used [0x34330000, 0x34553868, 0x34553a00, 0x34f30000)
    ro space 10240K,  44% used [0x38330000, 0x387a7808, 0x387a7a00, 0x38d30000)
    rw space 12288K,  52% used [0x38d30000, 0x3937e610, 0x3937e800, 0x39930000)
}
Event: 279.805 GC heap before
{Heap before GC invocations=153 (full 1):
 def new generation   total 8896K, used 7849K [0x14330000, 0x14cd0000, 0x1edd0000)
  eden space 7936K,  98% used [0x14330000, 0x14ad9488, 0x14af0000)
  from space 960K,   0% used [0x14af0000, 0x14af12c8, 0x14be0000)
  to   space 960K,   0% used [0x14be0000, 0x14be0000, 0x14cd0000)
 tenured generation   total 19580K, used 12563K [0x1edd0000, 0x200ef000, 0x34330000)
   the space 19580K,  64% used [0x1edd0000, 0x1fa14e50, 0x1fa15000, 0x200ef000)
 compacting perm gen  total 12288K, used 2190K [0x34330000, 0x34f30000, 0x38330000)
   the space 12288K,  17% used [0x34330000, 0x34553868, 0x34553a00, 0x34f30000)
    ro space 10240K,  44% used [0x38330000, 0x387a7808, 0x387a7a00, 0x38d30000)
    rw space 12288K,  52% used [0x38d30000, 0x3937e610, 0x3937e800, 0x39930000)
Event: 279.805 GC heap after
Heap after GC invocations=154 (full 1):
 def new generation   total 8896K, used 4K [0x14330000, 0x14cd0000, 0x1edd0000)
  eden space 7936K,   0% used [0x14330000, 0x14330000, 0x14af0000)
  from space 960K,   0% used [0x14be0000, 0x14be12c8, 0x14cd0000)
  to   space 960K,   0% used [0x14af0000, 0x14af0000, 0x14be0000)
 tenured generation   total 19580K, used 12563K [0x1edd0000, 0x200ef000, 0x34330000)
   the space 19580K,  64% used [0x1edd0000, 0x1fa14e50, 0x1fa15000, 0x200ef000)
 compacting perm gen  total 12288K, used 2190K [0x34330000, 0x34f30000, 0x38330000)
   the space 12288K,  17% used [0x34330000, 0x34553868, 0x34553a00, 0x34f30000)
    ro space 10240K,  44% used [0x38330000, 0x387a7808, 0x387a7a00, 0x38d30000)
    rw space 12288K,  52% used [0x38d30000, 0x3937e610, 0x3937e800, 0x39930000)
}
Event: 281.514 GC heap before
{Heap before GC invocations=154 (full 1):
 def new generation   total 8896K, used 7849K [0x14330000, 0x14cd0000, 0x1edd0000)
  eden space 7936K,  98% used [0x14330000, 0x14ad9488, 0x14af0000)
  from space 960K,   0% used [0x14be0000, 0x14be12c8, 0x14cd0000)
  to   space 960K,   0% used [0x14af0000, 0x14af0000, 0x14be0000)
 tenured generation   total 19580K, used 12563K [0x1edd0000, 0x200ef000, 0x34330000)
   the space 19580K,  64% used [0x1edd0000, 0x1fa14e50, 0x1fa15000, 0x200ef000)
 compacting perm gen  total 12288K, used 2190K [0x34330000, 0x34f30000, 0x38330000)
   the space 12288K,  17% used [0x34330000, 0x34553868, 0x34553a00, 0x34f30000)
    ro space 10240K,  44% used [0x38330000, 0x387a7808, 0x387a7a00, 0x38d30000)
    rw space 12288K,  52% used [0x38d30000, 0x3937e610, 0x3937e800, 0x39930000)
Event: 281.514 GC heap after
Heap after GC invocations=155 (full 1):
 def new generation   total 8896K, used 4K [0x14330000, 0x14cd0000, 0x1edd0000)
  eden space 7936K,   0% used [0x14330000, 0x14330000, 0x14af0000)
  from space 960K,   0% used [0x14af0000, 0x14af12c8, 0x14be0000)
  to   space 960K,   0% used [0x14be0000, 0x14be0000, 0x14cd0000)
 tenured generation   total 19580K, used 12563K [0x1edd0000, 0x200ef000, 0x34330000)
   the space 19580K,  64% used [0x1edd0000, 0x1fa14e50, 0x1fa15000, 0x200ef000)
 compacting perm gen  total 12288K, used 2190K [0x34330000, 0x34f30000, 0x38330000)
   the space 12288K,  17% used [0x34330000, 0x34553868, 0x34553a00, 0x34f30000)
    ro space 10240K,  44% used [0x38330000, 0x387a7808, 0x387a7a00, 0x38d30000)
    rw space 12288K,  52% used [0x38d30000, 0x3937e610, 0x3937e800, 0x39930000)
}

